mode: set
github.com/jminton7/bookings/cmd/web/main.go:23.13,25.16 2 0
github.com/jminton7/bookings/cmd/web/main.go:25.16,27.3 1 0
github.com/jminton7/bookings/cmd/web/main.go:29.2,37.16 4 0
github.com/jminton7/bookings/cmd/web/main.go:37.16,39.3 1 0
github.com/jminton7/bookings/cmd/web/main.go:42.18,58.16 10 1
github.com/jminton7/bookings/cmd/web/main.go:58.16,61.3 2 0
github.com/jminton7/bookings/cmd/web/main.go:63.2,71.12 6 1
github.com/jminton7/bookings/cmd/web/middleware.go:9.45,19.2 3 1
github.com/jminton7/bookings/cmd/web/middleware.go:22.50,24.2 1 1
github.com/jminton7/bookings/cmd/web/routes.go:12.49,36.2 18 1
